<?xml version="1.0" encoding="UTF-8"?>
<!-- Generated by org.testng.reporters.JUnitReportReporter -->
<testsuite hostname="LAPTOP-5K836TPI" failures="0" tests="1" name="com.automation.testcase.TC_024" time="75.418" errors="0" timestamp="2023-03-16T20:30:09 ICT" skipped="0">
  <testcase classname="com.automation.testcase.TC_024" name="TC020" time="75.418"/>
  <system-out/>
</testsuite> <!-- com.automation.testcase.TC_024 -->
