<?xml version="1.0" encoding="UTF-8"?>
<!-- Generated by org.testng.reporters.JUnitReportReporter -->
<testsuite hostname="LAPTOP-5K836TPI" failures="0" tests="1" name="com.automation.testcase.TC_28" time="15.244" errors="0" timestamp="2023-03-18T15:37:38 ICT" skipped="0">
  <testcase classname="com.automation.testcase.TC_28" name="TC01" time="15.244"/>
  <system-out/>
</testsuite> <!-- com.automation.testcase.TC_28 -->
