<?xml version="1.0" encoding="UTF-8"?>
<!-- Generated by org.testng.reporters.JUnitReportReporter -->
<testsuite hostname="LAPTOP-5K836TPI" failures="0" tests="1" name="com.automation.testcase.TC_007" time="13.747" errors="0" timestamp="2023-03-14T09:28:42 ICT" skipped="0">
  <testcase classname="com.automation.testcase.TC_007" name="TC007" time="13.747"/>
  <system-out/>
</testsuite> <!-- com.automation.testcase.TC_007 -->
