<?xml version="1.0" encoding="UTF-8"?>
<!-- Generated by org.testng.reporters.JUnitReportReporter -->
<testsuite hostname="LAPTOP-5K836TPI" failures="0" tests="1" name="com.automation.testcase.TC_009" time="13.246" errors="0" timestamp="2023-03-14T10:42:26 ICT" skipped="0">
  <testcase classname="com.automation.testcase.TC_009" name="TC009" time="13.246"/>
  <system-out/>
</testsuite> <!-- com.automation.testcase.TC_009 -->
