<?xml version="1.0" encoding="UTF-8"?>
<!-- Generated by org.testng.reporters.JUnitReportReporter -->
<testsuite hostname="LAPTOP-5K836TPI" failures="0" tests="1" name="com.automation.testcase.TC_025" time="5.844" errors="0" timestamp="2023-03-17T15:41:46 ICT" skipped="0">
  <testcase classname="com.automation.testcase.TC_025" name="TC020" time="5.844"/>
  <system-out/>
</testsuite> <!-- com.automation.testcase.TC_025 -->
