<?xml version="1.0" encoding="UTF-8"?>
<!-- Generated by org.testng.reporters.JUnitReportReporter -->
<testsuite hostname="LAPTOP-5K836TPI" failures="0" tests="1" name="com.automation.testcase.TC_004" time="18.136" errors="0" timestamp="2023-03-13T23:13:44 ICT" skipped="0">
  <testcase classname="com.automation.testcase.TC_004" name="TC01_LoginFirstAccount" time="18.136"/>
  <system-out/>
</testsuite> <!-- com.automation.testcase.TC_004 -->
