<?xml version="1.0" encoding="UTF-8"?>
<!-- Generated by org.testng.reporters.JUnitReportReporter -->
<testsuite hostname="LAPTOP-5K836TPI" failures="0" tests="1" name="com.automation.testcase.TC_005" time="10.089" errors="0" timestamp="2023-03-13T23:39:00 ICT" skipped="0">
  <testcase classname="com.automation.testcase.TC_005" name="TC005" time="10.089"/>
  <system-out/>
</testsuite> <!-- com.automation.testcase.TC_005 -->
