<?xml version="1.0" encoding="UTF-8"?>
<!-- Generated by org.testng.reporters.JUnitReportReporter -->
<testsuite hostname="LAPTOP-5K836TPI" failures="0" tests="1" name="com.automation.testcase.TC_006" time="13.598" errors="0" timestamp="2023-03-14T00:01:34 ICT" skipped="0">
  <testcase classname="com.automation.testcase.TC_006" name="TC005" time="13.598"/>
  <system-out/>
</testsuite> <!-- com.automation.testcase.TC_006 -->
