<?xml version="1.0" encoding="UTF-8"?>
<!-- Generated by org.testng.reporters.JUnitReportReporter -->
<testsuite hostname="LAPTOP-5K836TPI" failures="0" tests="1" name="com.automation.testcase.TC_011" time="7.604" errors="0" timestamp="2023-03-14T11:10:35 ICT" skipped="0">
  <testcase classname="com.automation.testcase.TC_011" name="TC009" time="7.604"/>
  <system-out/>
</testsuite> <!-- com.automation.testcase.TC_011 -->
