<?xml version="1.0" encoding="UTF-8"?>
<!-- Generated by org.testng.reporters.JUnitReportReporter -->
<testsuite hostname="LAPTOP-5K836TPI" failures="0" tests="1" name="com.automation.testcase.TC_001" time="32.184" errors="0" timestamp="2023-03-14T22:18:47 ICT" skipped="0">
  <testcase classname="com.automation.testcase.TC_001" name="TC_001" time="32.184"/>
  <system-out/>
</testsuite> <!-- com.automation.testcase.TC_001 -->
