<?xml version="1.0" encoding="UTF-8"?>
<!-- Generated by org.testng.reporters.JUnitReportReporter -->
<testsuite hostname="LAPTOP-5K836TPI" failures="0" tests="1" name="com.automation.testcase.TC_003" time="8.188" errors="0" timestamp="2023-03-13T23:09:17 ICT" skipped="0">
  <testcase classname="com.automation.testcase.TC_003" name="TC01_LoginFirstAccount" time="8.188"/>
  <system-out/>
</testsuite> <!-- com.automation.testcase.TC_003 -->
