<?xml version="1.0" encoding="UTF-8"?>
<!-- Generated by org.testng.reporters.JUnitReportReporter -->
<testsuite hostname="LAPTOP-5K836TPI" failures="0" tests="1" name="com.automation.testcase.TC_010" time="5.239" errors="0" timestamp="2023-03-14T11:01:47 ICT" skipped="0">
  <testcase classname="com.automation.testcase.TC_010" name="TC009" time="5.239"/>
  <system-out/>
</testsuite> <!-- com.automation.testcase.TC_010 -->
