<?xml version="1.0" encoding="UTF-8"?>
<!-- Generated by org.testng.reporters.JUnitReportReporter -->
<testsuite hostname="LAPTOP-5K836TPI" failures="0" tests="1" name="com.automation.testcase.Testcase01" time="23.603" errors="0" timestamp="2023-03-11T16:36:06 ICT" skipped="0">
  <testcase classname="com.automation.testcase.Testcase01" name="TC01_LoginFirstAccount" time="23.603"/>
  <system-out/>
</testsuite> <!-- com.automation.testcase.Testcase01 -->
