<?xml version="1.0" encoding="UTF-8"?>
<!-- Generated by org.testng.reporters.JUnitReportReporter -->
<testsuite hostname="LAPTOP-5K836TPI" failures="0" tests="1" name="com.automation.testcase.TC_021" time="11.196" errors="0" timestamp="2023-03-16T11:51:12 ICT" skipped="0">
  <testcase classname="com.automation.testcase.TC_021" name="TC021" time="11.196"/>
  <system-out/>
</testsuite> <!-- com.automation.testcase.TC_021 -->
