<?xml version="1.0" encoding="UTF-8"?>
<!-- Generated by org.testng.reporters.JUnitReportReporter -->
<testsuite hostname="LAPTOP-5K836TPI" failures="0" tests="1" name="com.automation.testcase.TC_26Test" time="5.349" errors="0" timestamp="2023-03-17T15:17:58 ICT" skipped="0">
  <testcase classname="com.automation.testcase.TC_26Test" name="TC020" time="5.349"/>
  <system-out/>
</testsuite> <!-- com.automation.testcase.TC_26Test -->
