<?xml version="1.0" encoding="UTF-8"?>
<!-- Generated by org.testng.reporters.JUnitReportReporter -->
<testsuite hostname="LAPTOP-5K836TPI" failures="0" tests="1" name="com.automation.testcase.TC_023" time="28.928" errors="0" timestamp="2023-03-16T12:16:32 ICT" skipped="0">
  <testcase classname="com.automation.testcase.TC_023" name="TC020" time="28.928"/>
  <system-out/>
</testsuite> <!-- com.automation.testcase.TC_023 -->
