<?xml version="1.0" encoding="UTF-8"?>
<!-- Generated by org.testng.reporters.JUnitReportReporter -->
<testsuite hostname="LAPTOP-5K836TPI" failures="0" tests="1" name="com.automation.testcase.TC_012" time="21.197" errors="0" timestamp="2023-03-14T12:18:09 ICT" skipped="0">
  <testcase classname="com.automation.testcase.TC_012" name="TC009" time="21.197"/>
  <system-out/>
</testsuite> <!-- com.automation.testcase.TC_012 -->
