<?xml version="1.0" encoding="UTF-8"?>
<!-- Generated by org.testng.reporters.JUnitReportReporter -->
<testsuite hostname="LAPTOP-5K836TPI" failures="0" tests="1" name="com.automation.testcase.TC_013" time="17.158" errors="0" timestamp="2023-03-16T10:19:06 ICT" skipped="0">
  <testcase classname="com.automation.testcase.TC_013" name="TC013" time="17.158"/>
  <system-out/>
</testsuite> <!-- com.automation.testcase.TC_013 -->
